2025-05-19 03:12:24,006 - apscheduler.scheduler - INFO - Adding job tentatively -- it will be properly scheduled when the scheduler starts
2025-05-19 03:12:24,006 - apscheduler.scheduler - INFO - Added job "run_fraud_detection" to job store "default"
2025-05-19 03:12:24,006 - apscheduler.scheduler - INFO - Scheduler started
2025-05-19 03:12:30,499 - apscheduler.scheduler - INFO - Adding job tentatively -- it will be properly scheduled when the scheduler starts
2025-05-19 03:12:30,499 - apscheduler.scheduler - INFO - Added job "Daily fraud scan" to job store "default"
2025-05-19 03:12:30,499 - apscheduler.scheduler - INFO - Scheduler started
2025-05-19 03:12:30,499 - digital_wallet - INFO - Scheduler started successfully
2025-05-19 03:12:33,496 - apscheduler.scheduler - INFO - Adding job tentatively -- it will be properly scheduled when the scheduler starts
2025-05-19 03:12:33,496 - apscheduler.scheduler - INFO - Added job "run_fraud_detection" to job store "default"
2025-05-19 03:12:33,496 - apscheduler.scheduler - INFO - Scheduler started
2025-05-19 03:12:39,096 - apscheduler.scheduler - INFO - Scheduler has been shut down
2025-05-19 03:12:39,621 - apscheduler.scheduler - INFO - Adding job tentatively -- it will be properly scheduled when the scheduler starts
2025-05-19 03:12:39,621 - apscheduler.scheduler - INFO - Added job "Daily fraud scan" to job store "default"
2025-05-19 03:12:39,621 - apscheduler.scheduler - INFO - Scheduler started
2025-05-19 03:12:39,621 - digital_wallet - INFO - Scheduler started successfully
2025-05-19 03:12:49,566 - apscheduler.scheduler - INFO - Adding job tentatively -- it will be properly scheduled when the scheduler starts
2025-05-19 03:12:49,566 - apscheduler.scheduler - INFO - Added job "run_fraud_detection" to job store "default"
2025-05-19 03:12:49,566 - apscheduler.scheduler - INFO - Scheduler started
2025-05-19 03:12:55,741 - apscheduler.scheduler - INFO - Adding job tentatively -- it will be properly scheduled when the scheduler starts
2025-05-19 03:12:55,741 - apscheduler.scheduler - INFO - Added job "Daily fraud scan" to job store "default"
2025-05-19 03:12:55,742 - apscheduler.scheduler - INFO - Scheduler started
2025-05-19 03:12:55,742 - digital_wallet - INFO - Scheduler started successfully
2025-05-19 03:14:18,754 - apscheduler.scheduler - INFO - Scheduler has been shut down
2025-05-19 03:14:20,954 - apscheduler.scheduler - INFO - Adding job tentatively -- it will be properly scheduled when the scheduler starts
2025-05-19 03:14:20,954 - apscheduler.scheduler - INFO - Added job "run_fraud_detection" to job store "default"
2025-05-19 03:14:20,954 - apscheduler.scheduler - INFO - Scheduler started
2025-05-19 03:14:27,112 - apscheduler.scheduler - INFO - Adding job tentatively -- it will be properly scheduled when the scheduler starts
2025-05-19 03:14:27,112 - apscheduler.scheduler - INFO - Added job "Daily fraud scan" to job store "default"
2025-05-19 03:14:27,112 - apscheduler.scheduler - INFO - Scheduler started
2025-05-19 03:14:27,115 - digital_wallet - INFO - Scheduler started successfully
2025-05-19 03:16:56,690 - apscheduler.scheduler - INFO - Scheduler has been shut down
2025-05-19 03:17:00,578 - apscheduler.scheduler - INFO - Adding job tentatively -- it will be properly scheduled when the scheduler starts
2025-05-19 03:17:00,578 - apscheduler.scheduler - INFO - Added job "run_fraud_detection" to job store "default"
2025-05-19 03:17:00,578 - apscheduler.scheduler - INFO - Scheduler started
2025-05-19 03:17:06,706 - apscheduler.scheduler - INFO - Adding job tentatively -- it will be properly scheduled when the scheduler starts
2025-05-19 03:17:06,706 - apscheduler.scheduler - INFO - Added job "Daily fraud scan" to job store "default"
2025-05-19 03:17:06,706 - apscheduler.scheduler - INFO - Scheduler started
2025-05-19 03:17:06,706 - digital_wallet - INFO - Scheduler started successfully
2025-05-19 03:17:06,706 - digital_wallet - INFO - Application startup completed successfully
2025-05-19 03:17:06,706 - apscheduler.scheduler - INFO - Scheduler has been shut down
2025-05-19 03:17:08,475 - apscheduler.scheduler - INFO - Scheduler has been shut down
2025-05-19 03:17:09,136 - apscheduler.scheduler - INFO - Adding job tentatively -- it will be properly scheduled when the scheduler starts
2025-05-19 03:17:09,136 - apscheduler.scheduler - INFO - Added job "run_fraud_detection" to job store "default"
2025-05-19 03:17:09,136 - apscheduler.scheduler - INFO - Scheduler started
2025-05-19 03:17:10,286 - apscheduler.scheduler - INFO - Adding job tentatively -- it will be properly scheduled when the scheduler starts
2025-05-19 03:17:10,286 - apscheduler.scheduler - INFO - Added job "run_fraud_detection" to job store "default"
2025-05-19 03:17:10,286 - apscheduler.scheduler - INFO - Scheduler started
2025-05-19 03:17:15,286 - apscheduler.scheduler - INFO - Adding job tentatively -- it will be properly scheduled when the scheduler starts
2025-05-19 03:17:15,286 - apscheduler.scheduler - INFO - Added job "Daily fraud scan" to job store "default"
2025-05-19 03:17:15,286 - apscheduler.scheduler - INFO - Scheduler started
2025-05-19 03:17:15,286 - digital_wallet - INFO - Scheduler started successfully
2025-05-19 03:17:15,286 - digital_wallet - INFO - Application startup completed successfully
2025-05-19 03:17:16,535 - apscheduler.scheduler - INFO - Adding job tentatively -- it will be properly scheduled when the scheduler starts
2025-05-19 03:17:16,535 - apscheduler.scheduler - INFO - Added job "Daily fraud scan" to job store "default"
2025-05-19 03:17:16,536 - apscheduler.scheduler - INFO - Scheduler started
2025-05-19 03:17:16,536 - digital_wallet - INFO - Scheduler started successfully
2025-05-19 03:17:16,536 - digital_wallet - INFO - Application startup completed successfully
2025-05-19 03:18:40,068 - apscheduler.scheduler - INFO - Scheduler has been shut down
2025-05-19 03:18:49,408 - apscheduler.scheduler - INFO - Adding job tentatively -- it will be properly scheduled when the scheduler starts
2025-05-19 03:18:49,408 - apscheduler.scheduler - INFO - Added job "run_fraud_detection" to job store "default"
2025-05-19 03:18:49,408 - apscheduler.scheduler - INFO - Scheduler started
2025-05-19 03:18:55,766 - apscheduler.scheduler - INFO - Adding job tentatively -- it will be properly scheduled when the scheduler starts
2025-05-19 03:18:55,766 - apscheduler.scheduler - INFO - Added job "Daily fraud scan" to job store "default"
2025-05-19 03:18:55,766 - apscheduler.scheduler - INFO - Scheduler started
2025-05-19 03:18:55,766 - digital_wallet - INFO - Scheduler started successfully
2025-05-19 03:18:55,766 - digital_wallet - INFO - Application startup completed successfully
2025-05-19 03:22:24,897 - apscheduler.scheduler - INFO - Scheduler has been shut down
2025-05-19 03:22:33,415 - apscheduler.scheduler - INFO - Adding job tentatively -- it will be properly scheduled when the scheduler starts
2025-05-19 03:22:33,415 - apscheduler.scheduler - INFO - Added job "Daily fraud scan" to job store "default"
2025-05-19 03:22:33,415 - apscheduler.scheduler - INFO - Scheduler started
2025-05-19 03:22:33,415 - digital_wallet - INFO - Scheduler started successfully
2025-05-19 03:22:33,415 - digital_wallet - INFO - Application startup completed successfully
2025-05-19 03:22:51,982 - apscheduler.scheduler - INFO - Adding job tentatively -- it will be properly scheduled when the scheduler starts
2025-05-19 03:22:51,985 - apscheduler.scheduler - INFO - Added job "Daily fraud scan" to job store "default"
2025-05-19 03:22:51,985 - apscheduler.scheduler - INFO - Scheduler started
2025-05-19 03:22:51,985 - digital_wallet - INFO - Scheduler started successfully
2025-05-19 03:22:51,985 - digital_wallet - INFO - Application startup completed successfully
2025-05-19 03:23:41,855 - apscheduler.scheduler - INFO - Scheduler has been shut down
2025-05-19 03:23:50,200 - apscheduler.scheduler - INFO - Adding job tentatively -- it will be properly scheduled when the scheduler starts
2025-05-19 03:23:50,201 - apscheduler.scheduler - INFO - Added job "Daily fraud scan" to job store "default"
2025-05-19 03:23:50,201 - apscheduler.scheduler - INFO - Scheduler started
2025-05-19 03:23:50,201 - digital_wallet - INFO - Scheduler started successfully
2025-05-19 03:23:50,201 - digital_wallet - INFO - Application startup completed successfully
2025-05-19 03:24:35,973 - apscheduler.scheduler - INFO - Adding job tentatively -- it will be properly scheduled when the scheduler starts
2025-05-19 03:24:35,973 - apscheduler.scheduler - INFO - Added job "Daily fraud scan" to job store "default"
2025-05-19 03:24:35,973 - apscheduler.scheduler - INFO - Scheduler started
2025-05-19 03:24:35,973 - digital_wallet - INFO - Scheduler started successfully
2025-05-19 03:24:35,973 - digital_wallet - INFO - Application startup completed successfully
2025-05-19 03:28:35,105 - apscheduler.scheduler - INFO - Adding job tentatively -- it will be properly scheduled when the scheduler starts
2025-05-19 03:28:35,105 - apscheduler.scheduler - INFO - Added job "Daily fraud scan" to job store "default"
2025-05-19 03:28:35,105 - apscheduler.scheduler - INFO - Scheduler started
2025-05-19 03:28:35,105 - digital_wallet - INFO - Scheduler started successfully
2025-05-19 03:28:35,105 - digital_wallet - INFO - Application startup completed successfully
2025-05-19 03:29:28,418 - apscheduler.scheduler - INFO - Adding job tentatively -- it will be properly scheduled when the scheduler starts
2025-05-19 03:29:28,419 - apscheduler.scheduler - INFO - Added job "Daily fraud scan" to job store "default"
2025-05-19 03:29:28,419 - apscheduler.scheduler - INFO - Scheduler started
2025-05-19 03:29:28,419 - digital_wallet - INFO - Scheduler started successfully
2025-05-19 03:29:28,419 - digital_wallet - INFO - Application startup completed successfully
2025-05-19 03:33:29,307 - apscheduler.scheduler - INFO - Adding job tentatively -- it will be properly scheduled when the scheduler starts
2025-05-19 03:33:29,307 - app.services.scheduler - INFO - Scheduler jobs configured successfully
2025-05-19 03:33:35,703 - apscheduler.scheduler - INFO - Adding job tentatively -- it will be properly scheduled when the scheduler starts
2025-05-19 03:33:35,703 - apscheduler.scheduler - INFO - Added job "Daily fraud scan" to job store "default"
2025-05-19 03:33:35,703 - apscheduler.scheduler - INFO - Scheduler started
2025-05-19 03:33:35,705 - digital_wallet - INFO - Scheduler started successfully
2025-05-19 03:33:35,705 - digital_wallet - INFO - Application startup completed successfully
2025-05-19 03:33:43,214 - apscheduler.scheduler - INFO - Adding job tentatively -- it will be properly scheduled when the scheduler starts
2025-05-19 03:33:43,214 - app.services.scheduler - INFO - Scheduler jobs configured successfully
2025-05-19 03:34:16,254 - apscheduler.scheduler - INFO - Adding job tentatively -- it will be properly scheduled when the scheduler starts
2025-05-19 03:34:16,254 - app.services.scheduler - INFO - Scheduler jobs configured successfully
2025-05-19 03:34:20,384 - apscheduler.scheduler - INFO - Added job "Daily fraud detection scan" to job store "default"
2025-05-19 03:34:20,384 - apscheduler.scheduler - INFO - Scheduler started
2025-05-19 03:34:55,004 - apscheduler.scheduler - INFO - Adding job tentatively -- it will be properly scheduled when the scheduler starts
2025-05-19 03:34:55,004 - app.services.scheduler - INFO - Scheduler jobs configured successfully
2025-05-19 03:34:59,241 - apscheduler.scheduler - INFO - Added job "Daily fraud detection scan" to job store "default"
2025-05-19 03:34:59,241 - apscheduler.scheduler - INFO - Scheduler started
2025-05-19 03:35:00,304 - apscheduler.scheduler - INFO - Adding job tentatively -- it will be properly scheduled when the scheduler starts
2025-05-19 03:35:00,304 - app.services.scheduler - INFO - Scheduler jobs configured successfully
2025-05-19 03:35:00,360 - watchfiles.main - INFO - 1 change detected
2025-05-19 03:35:00,725 - watchfiles.main - INFO - 1 change detected
2025-05-19 03:35:01,136 - watchfiles.main - INFO - 1 change detected
2025-05-19 03:35:01,547 - watchfiles.main - INFO - 1 change detected
2025-05-19 03:35:01,956 - watchfiles.main - INFO - 1 change detected
2025-05-19 03:35:02,371 - watchfiles.main - INFO - 1 change detected
2025-05-19 03:35:02,727 - watchfiles.main - INFO - 1 change detected
2025-05-19 03:35:03,141 - watchfiles.main - INFO - 1 change detected
2025-05-19 03:35:03,594 - watchfiles.main - INFO - 1 change detected
2025-05-19 03:35:03,959 - watchfiles.main - INFO - 1 change detected
2025-05-19 03:35:04,362 - watchfiles.main - INFO - 1 change detected
2025-05-19 03:35:04,775 - watchfiles.main - INFO - 1 change detected
2025-05-19 03:35:05,185 - watchfiles.main - INFO - 1 change detected
2025-05-19 03:35:05,550 - watchfiles.main - INFO - 1 change detected
2025-05-19 03:35:05,953 - watchfiles.main - INFO - 1 change detected
2025-05-19 03:35:06,365 - watchfiles.main - INFO - 1 change detected
2025-05-19 03:35:06,664 - apscheduler.scheduler - INFO - Adding job tentatively -- it will be properly scheduled when the scheduler starts
2025-05-19 03:35:06,664 - apscheduler.scheduler - INFO - Added job "Daily fraud scan" to job store "default"
2025-05-19 03:35:06,664 - apscheduler.scheduler - INFO - Scheduler started
2025-05-19 03:35:06,664 - digital_wallet - INFO - Scheduler started successfully
2025-05-19 03:35:06,664 - digital_wallet - INFO - Application startup completed successfully
2025-05-19 03:35:06,775 - watchfiles.main - INFO - 1 change detected
2025-05-19 03:35:07,177 - watchfiles.main - INFO - 1 change detected
2025-05-19 03:35:07,585 - watchfiles.main - INFO - 1 change detected
2025-05-19 03:35:07,996 - watchfiles.main - INFO - 1 change detected
2025-05-19 03:35:08,402 - watchfiles.main - INFO - 1 change detected
2025-05-19 03:35:08,757 - watchfiles.main - INFO - 1 change detected
2025-05-19 03:37:23,673 - watchfiles.main - INFO - 1 change detected
2025-05-19 03:37:24,033 - watchfiles.main - INFO - 1 change detected
2025-05-19 03:37:24,384 - watchfiles.main - INFO - 1 change detected
2025-05-19 03:37:24,839 - watchfiles.main - INFO - 1 change detected
2025-05-19 03:37:25,241 - watchfiles.main - INFO - 1 change detected
2025-05-19 03:37:25,601 - watchfiles.main - INFO - 1 change detected
2025-05-19 03:37:26,058 - watchfiles.main - INFO - 1 change detected
2025-05-19 03:37:26,409 - watchfiles.main - INFO - 1 change detected
2025-05-19 03:37:26,825 - watchfiles.main - INFO - 1 change detected
2025-05-19 03:37:27,233 - watchfiles.main - INFO - 1 change detected
2025-05-19 03:37:27,599 - watchfiles.main - INFO - 1 change detected
2025-05-19 03:37:27,965 - watchfiles.main - INFO - 1 change detected
2025-05-19 03:37:28,325 - watchfiles.main - INFO - 1 change detected
2025-05-19 03:37:28,737 - watchfiles.main - INFO - 1 change detected
2025-05-19 03:37:29,093 - watchfiles.main - INFO - 1 change detected
2025-05-19 03:37:29,513 - watchfiles.main - INFO - 1 change detected
2025-05-19 03:37:29,872 - watchfiles.main - INFO - 1 change detected
2025-05-19 03:37:30,232 - watchfiles.main - INFO - 1 change detected
2025-05-19 03:37:30,634 - watchfiles.main - INFO - 1 change detected
2025-05-19 03:37:31,049 - watchfiles.main - INFO - 1 change detected
2025-05-19 03:37:31,450 - watchfiles.main - INFO - 1 change detected
2025-05-19 03:37:31,807 - watchfiles.main - INFO - 1 change detected
2025-05-19 03:37:32,214 - watchfiles.main - INFO - 1 change detected
2025-05-19 03:37:32,573 - watchfiles.main - INFO - 1 change detected
2025-05-19 03:37:32,978 - watchfiles.main - INFO - 1 change detected
2025-05-19 03:37:33,381 - watchfiles.main - INFO - 1 change detected
2025-05-19 03:37:33,734 - watchfiles.main - INFO - 1 change detected
2025-05-19 03:37:34,120 - watchfiles.main - INFO - 1 change detected
2025-05-19 03:37:34,482 - watchfiles.main - INFO - 1 change detected
2025-05-19 03:37:34,835 - watchfiles.main - INFO - 1 change detected
2025-05-19 03:37:35,190 - watchfiles.main - INFO - 1 change detected
2025-05-19 03:37:35,547 - watchfiles.main - INFO - 1 change detected
2025-05-19 03:37:35,898 - watchfiles.main - INFO - 1 change detected
2025-05-19 03:37:36,252 - watchfiles.main - INFO - 1 change detected
2025-05-19 03:37:36,606 - watchfiles.main - INFO - 1 change detected
2025-05-19 03:37:36,961 - watchfiles.main - INFO - 1 change detected
2025-05-19 03:37:37,362 - watchfiles.main - INFO - 1 change detected
2025-05-19 03:37:37,767 - watchfiles.main - INFO - 1 change detected
2025-05-19 03:37:38,121 - watchfiles.main - INFO - 1 change detected
2025-05-19 03:37:38,532 - watchfiles.main - INFO - 1 change detected
2025-05-19 03:37:38,935 - watchfiles.main - INFO - 1 change detected
2025-05-19 03:37:39,337 - watchfiles.main - INFO - 1 change detected
2025-05-19 03:37:39,689 - watchfiles.main - INFO - 1 change detected
2025-05-19 03:37:40,094 - watchfiles.main - INFO - 1 change detected
2025-05-19 03:37:40,504 - watchfiles.main - INFO - 1 change detected
2025-05-19 03:37:40,865 - watchfiles.main - INFO - 1 change detected
2025-05-19 03:37:41,273 - watchfiles.main - INFO - 1 change detected
2025-05-19 03:37:41,691 - watchfiles.main - INFO - 1 change detected
2025-05-19 03:37:42,106 - watchfiles.main - INFO - 1 change detected
2025-05-19 03:37:42,511 - watchfiles.main - INFO - 1 change detected
2025-05-19 03:37:42,914 - watchfiles.main - INFO - 1 change detected
2025-05-19 03:37:43,317 - watchfiles.main - INFO - 1 change detected
2025-05-19 03:37:43,719 - watchfiles.main - INFO - 1 change detected
2025-05-19 03:37:44,081 - watchfiles.main - INFO - 1 change detected
2025-05-19 03:37:44,483 - watchfiles.main - INFO - 1 change detected
2025-05-19 03:37:44,850 - watchfiles.main - INFO - 1 change detected
2025-05-19 03:37:45,214 - watchfiles.main - INFO - 1 change detected
2025-05-19 03:37:45,579 - watchfiles.main - INFO - 1 change detected
2025-05-19 03:37:45,983 - watchfiles.main - INFO - 1 change detected
2025-05-19 03:37:46,392 - watchfiles.main - INFO - 1 change detected
2025-05-19 03:37:46,758 - watchfiles.main - INFO - 1 change detected
2025-05-19 03:37:47,214 - watchfiles.main - INFO - 1 change detected
2025-05-19 03:37:47,571 - watchfiles.main - INFO - 1 change detected
2025-05-19 03:37:47,983 - watchfiles.main - INFO - 1 change detected
2025-05-19 03:37:48,343 - watchfiles.main - INFO - 1 change detected
2025-05-19 03:37:48,753 - watchfiles.main - INFO - 1 change detected
2025-05-19 03:37:49,114 - watchfiles.main - INFO - 1 change detected
2025-05-19 03:37:49,522 - watchfiles.main - INFO - 1 change detected
2025-05-19 03:37:49,925 - watchfiles.main - INFO - 1 change detected
2025-05-19 03:37:50,330 - watchfiles.main - INFO - 1 change detected
2025-05-19 03:37:50,740 - watchfiles.main - INFO - 1 change detected
2025-05-19 03:37:51,092 - watchfiles.main - INFO - 1 change detected
2025-05-19 03:37:51,447 - watchfiles.main - INFO - 1 change detected
2025-05-19 03:37:51,848 - watchfiles.main - INFO - 1 change detected
2025-05-19 03:37:52,203 - watchfiles.main - INFO - 1 change detected
2025-05-19 03:37:52,616 - watchfiles.main - INFO - 1 change detected
2025-05-19 03:37:53,017 - watchfiles.main - INFO - 1 change detected
2025-05-19 03:37:53,370 - watchfiles.main - INFO - 1 change detected
2025-05-19 03:37:53,773 - watchfiles.main - INFO - 1 change detected
2025-05-19 03:37:54,177 - watchfiles.main - INFO - 1 change detected
2025-05-19 03:37:54,580 - watchfiles.main - INFO - 1 change detected
2025-05-19 03:37:54,984 - watchfiles.main - INFO - 1 change detected
2025-05-19 03:37:55,393 - watchfiles.main - INFO - 1 change detected
2025-05-19 03:37:55,752 - watchfiles.main - INFO - 1 change detected
2025-05-19 03:37:56,156 - watchfiles.main - INFO - 1 change detected
2025-05-19 03:37:56,559 - watchfiles.main - INFO - 1 change detected
2025-05-19 03:37:56,962 - watchfiles.main - INFO - 1 change detected
2025-05-19 03:37:57,321 - watchfiles.main - INFO - 1 change detected
2025-05-19 03:37:57,726 - watchfiles.main - INFO - 1 change detected
2025-05-19 03:37:58,140 - watchfiles.main - INFO - 1 change detected
2025-05-19 03:37:58,553 - watchfiles.main - INFO - 1 change detected
2025-05-19 03:37:58,963 - watchfiles.main - INFO - 1 change detected
2025-05-19 03:37:59,321 - watchfiles.main - INFO - 1 change detected
2025-05-19 03:37:59,726 - watchfiles.main - INFO - 1 change detected
2025-05-19 03:38:00,129 - watchfiles.main - INFO - 1 change detected
2025-05-19 03:38:00,532 - watchfiles.main - INFO - 1 change detected
2025-05-19 03:38:00,935 - watchfiles.main - INFO - 1 change detected
2025-05-19 03:38:01,290 - watchfiles.main - INFO - 1 change detected
2025-05-19 03:38:01,699 - watchfiles.main - INFO - 1 change detected
2025-05-19 03:38:02,109 - watchfiles.main - INFO - 1 change detected
2025-05-19 03:38:02,515 - watchfiles.main - INFO - 1 change detected
2025-05-19 03:38:02,925 - watchfiles.main - INFO - 1 change detected
2025-05-19 03:38:03,291 - watchfiles.main - INFO - 1 change detected
2025-05-19 03:38:03,694 - watchfiles.main - INFO - 1 change detected
2025-05-19 03:38:04,102 - watchfiles.main - INFO - 1 change detected
2025-05-19 03:38:04,518 - watchfiles.main - INFO - 1 change detected
2025-05-19 03:38:04,935 - watchfiles.main - INFO - 1 change detected
2025-05-19 03:38:05,300 - watchfiles.main - INFO - 1 change detected
2025-05-19 03:38:05,757 - watchfiles.main - INFO - 1 change detected
2025-05-19 03:38:06,158 - watchfiles.main - INFO - 1 change detected
2025-05-19 03:38:06,617 - watchfiles.main - INFO - 1 change detected
2025-05-19 03:38:06,969 - watchfiles.main - INFO - 1 change detected
2025-05-19 03:38:07,372 - watchfiles.main - INFO - 1 change detected
2025-05-19 03:38:07,782 - watchfiles.main - INFO - 1 change detected
2025-05-19 03:38:08,135 - watchfiles.main - INFO - 1 change detected
2025-05-19 03:38:08,539 - watchfiles.main - INFO - 1 change detected
2025-05-19 03:38:08,955 - watchfiles.main - INFO - 1 change detected
2025-05-19 03:38:09,309 - watchfiles.main - INFO - 1 change detected
2025-05-19 03:38:09,712 - watchfiles.main - INFO - 1 change detected
2025-05-19 03:38:10,123 - watchfiles.main - INFO - 1 change detected
2025-05-19 03:38:10,479 - watchfiles.main - INFO - 1 change detected
2025-05-19 03:38:10,888 - watchfiles.main - INFO - 1 change detected
2025-05-19 03:38:11,301 - watchfiles.main - INFO - 1 change detected
2025-05-19 03:38:11,711 - watchfiles.main - INFO - 1 change detected
2025-05-19 03:38:12,122 - watchfiles.main - INFO - 1 change detected
2025-05-19 03:38:12,488 - watchfiles.main - INFO - 1 change detected
2025-05-19 03:38:12,899 - watchfiles.main - INFO - 1 change detected
2025-05-19 03:38:13,304 - watchfiles.main - INFO - 1 change detected
2025-05-19 03:38:13,715 - watchfiles.main - INFO - 1 change detected
2025-05-19 03:38:14,122 - watchfiles.main - INFO - 1 change detected
2025-05-19 03:38:14,487 - watchfiles.main - INFO - 1 change detected
2025-05-19 03:38:14,848 - watchfiles.main - INFO - 1 change detected
2025-05-19 03:38:15,261 - watchfiles.main - INFO - 1 change detected
2025-05-19 03:38:15,671 - watchfiles.main - INFO - 1 change detected
2025-05-19 03:38:16,077 - watchfiles.main - INFO - 1 change detected
2025-05-19 03:38:16,479 - watchfiles.main - INFO - 1 change detected
2025-05-19 03:38:16,890 - watchfiles.main - INFO - 1 change detected
2025-05-19 03:38:17,295 - watchfiles.main - INFO - 1 change detected
2025-05-19 03:38:17,651 - watchfiles.main - INFO - 1 change detected
2025-05-19 03:38:18,064 - watchfiles.main - INFO - 1 change detected
2025-05-19 03:38:18,467 - watchfiles.main - INFO - 1 change detected
2025-05-19 03:38:18,833 - watchfiles.main - INFO - 1 change detected
2025-05-19 03:38:19,245 - watchfiles.main - INFO - 1 change detected
2025-05-19 03:38:19,647 - watchfiles.main - INFO - 1 change detected
2025-05-19 03:38:20,060 - watchfiles.main - INFO - 1 change detected
2025-05-19 03:38:20,465 - watchfiles.main - INFO - 1 change detected
2025-05-19 03:38:20,826 - watchfiles.main - INFO - 1 change detected
2025-05-19 03:38:21,241 - watchfiles.main - INFO - 1 change detected
2025-05-19 03:38:21,651 - watchfiles.main - INFO - 1 change detected
2025-05-19 03:38:22,060 - watchfiles.main - INFO - 1 change detected
2025-05-19 03:38:22,464 - watchfiles.main - INFO - 1 change detected
2025-05-19 03:38:22,929 - watchfiles.main - INFO - 1 change detected
2025-05-19 03:38:23,332 - watchfiles.main - INFO - 1 change detected
2025-05-19 03:38:23,740 - watchfiles.main - INFO - 1 change detected
2025-05-19 03:38:24,143 - watchfiles.main - INFO - 1 change detected
2025-05-19 03:38:24,557 - watchfiles.main - INFO - 1 change detected
2025-05-19 03:38:24,960 - watchfiles.main - INFO - 1 change detected
2025-05-19 03:38:25,364 - watchfiles.main - INFO - 1 change detected
2025-05-19 03:38:25,729 - watchfiles.main - INFO - 1 change detected
2025-05-19 03:38:26,134 - watchfiles.main - INFO - 1 change detected
2025-05-19 03:38:26,553 - watchfiles.main - INFO - 1 change detected
2025-05-19 03:38:26,908 - watchfiles.main - INFO - 1 change detected
2025-05-19 03:38:27,311 - watchfiles.main - INFO - 1 change detected
2025-05-19 03:38:27,719 - watchfiles.main - INFO - 1 change detected
2025-05-19 03:38:28,122 - watchfiles.main - INFO - 1 change detected
2025-05-19 03:38:28,476 - watchfiles.main - INFO - 1 change detected
2025-05-19 03:38:28,838 - watchfiles.main - INFO - 1 change detected
2025-05-19 03:38:29,193 - watchfiles.main - INFO - 1 change detected
2025-05-19 03:38:29,544 - watchfiles.main - INFO - 1 change detected
2025-05-19 03:38:29,897 - watchfiles.main - INFO - 1 change detected
2025-05-19 03:38:30,309 - watchfiles.main - INFO - 1 change detected
2025-05-19 03:38:30,479 - apscheduler.scheduler - INFO - Adding job tentatively -- it will be properly scheduled when the scheduler starts
2025-05-19 03:38:30,479 - app.services.scheduler - INFO - Scheduler jobs configured successfully
2025-05-19 03:38:30,663 - watchfiles.main - INFO - 1 change detected
2025-05-19 03:38:31,016 - watchfiles.main - INFO - 1 change detected
2025-05-19 03:38:31,377 - watchfiles.main - INFO - 1 change detected
2025-05-19 03:38:31,731 - watchfiles.main - INFO - 1 change detected
2025-05-19 03:38:32,135 - watchfiles.main - INFO - 1 change detected
2025-05-19 03:38:32,536 - watchfiles.main - INFO - 1 change detected
2025-05-19 03:38:32,939 - watchfiles.main - INFO - 1 change detected
2025-05-19 03:38:33,305 - watchfiles.main - INFO - 1 change detected
2025-05-19 03:38:33,715 - watchfiles.main - INFO - 1 change detected
2025-05-19 03:38:34,072 - watchfiles.main - INFO - 1 change detected
2025-05-19 03:38:34,429 - watchfiles.main - INFO - 1 change detected
2025-05-19 03:38:34,784 - watchfiles.main - INFO - 1 change detected
2025-05-19 03:38:35,138 - watchfiles.main - INFO - 1 change detected
2025-05-19 03:38:35,500 - watchfiles.main - INFO - 1 change detected
2025-05-19 03:38:35,862 - watchfiles.main - INFO - 1 change detected
2025-05-19 03:38:36,215 - watchfiles.main - INFO - 1 change detected
2025-05-19 03:38:36,571 - watchfiles.main - INFO - 1 change detected
2025-05-19 03:38:36,724 - apscheduler.scheduler - INFO - Adding job tentatively -- it will be properly scheduled when the scheduler starts
2025-05-19 03:38:36,724 - apscheduler.scheduler - INFO - Added job "Daily fraud scan" to job store "default"
2025-05-19 03:38:36,724 - apscheduler.scheduler - INFO - Scheduler started
2025-05-19 03:38:36,724 - digital_wallet - INFO - Scheduler started successfully
2025-05-19 03:38:36,724 - digital_wallet - INFO - Application startup completed successfully
2025-05-19 03:38:36,925 - watchfiles.main - INFO - 1 change detected
2025-05-19 03:38:37,279 - watchfiles.main - INFO - 1 change detected
2025-05-19 03:38:37,645 - watchfiles.main - INFO - 1 change detected
2025-05-19 03:38:38,002 - watchfiles.main - INFO - 1 change detected
2025-05-19 03:38:38,363 - watchfiles.main - INFO - 1 change detected
2025-05-19 03:38:38,730 - watchfiles.main - INFO - 1 change detected
2025-05-19 03:38:39,142 - watchfiles.main - INFO - 1 change detected
2025-05-19 03:38:39,502 - watchfiles.main - INFO - 1 change detected
2025-05-19 03:38:39,906 - watchfiles.main - INFO - 1 change detected
2025-05-19 03:38:40,309 - watchfiles.main - INFO - 1 change detected
2025-05-19 03:38:40,712 - watchfiles.main - INFO - 1 change detected
2025-05-19 03:38:41,121 - watchfiles.main - INFO - 1 change detected
2025-05-19 03:38:41,525 - watchfiles.main - INFO - 1 change detected
2025-05-19 03:38:41,927 - watchfiles.main - INFO - 1 change detected
2025-05-19 03:38:42,280 - watchfiles.main - INFO - 1 change detected
2025-05-19 03:38:42,684 - watchfiles.main - INFO - 1 change detected
2025-05-19 03:38:43,101 - watchfiles.main - INFO - 1 change detected
2025-05-19 03:38:43,460 - watchfiles.main - INFO - 1 change detected
2025-05-19 03:38:43,872 - watchfiles.main - INFO - 1 change detected
2025-05-19 03:38:44,232 - watchfiles.main - INFO - 1 change detected
2025-05-19 03:38:44,636 - watchfiles.main - INFO - 1 change detected
2025-05-19 03:38:45,039 - watchfiles.main - INFO - 1 change detected
2025-05-19 03:38:45,442 - watchfiles.main - INFO - 1 change detected
2025-05-19 03:38:45,800 - watchfiles.main - INFO - 1 change detected
2025-05-19 03:38:46,210 - watchfiles.main - INFO - 1 change detected
2025-05-19 03:38:46,614 - watchfiles.main - INFO - 1 change detected
2025-05-19 03:38:47,017 - watchfiles.main - INFO - 1 change detected
2025-05-19 03:38:47,378 - watchfiles.main - INFO - 1 change detected
2025-05-19 03:38:47,782 - watchfiles.main - INFO - 1 change detected
2025-05-19 03:38:48,189 - watchfiles.main - INFO - 1 change detected
2025-05-19 03:38:48,604 - watchfiles.main - INFO - 1 change detected
2025-05-19 03:38:49,009 - watchfiles.main - INFO - 1 change detected
2025-05-19 03:38:49,421 - watchfiles.main - INFO - 1 change detected
2025-05-19 03:38:49,831 - watchfiles.main - INFO - 1 change detected
2025-05-19 03:38:50,239 - watchfiles.main - INFO - 1 change detected
2025-05-19 03:38:50,642 - watchfiles.main - INFO - 1 change detected
2025-05-19 03:38:51,006 - watchfiles.main - INFO - 1 change detected
2025-05-19 03:38:51,411 - watchfiles.main - INFO - 1 change detected
2025-05-19 03:38:51,822 - watchfiles.main - INFO - 1 change detected
2025-05-19 03:38:52,239 - watchfiles.main - INFO - 1 change detected
2025-05-19 03:38:52,647 - watchfiles.main - INFO - 1 change detected
2025-05-19 03:38:53,056 - watchfiles.main - INFO - 1 change detected
2025-05-19 03:38:53,412 - watchfiles.main - INFO - 1 change detected
2025-05-19 03:38:53,823 - watchfiles.main - INFO - 1 change detected
2025-05-19 03:38:54,226 - watchfiles.main - INFO - 1 change detected
2025-05-19 03:38:54,589 - watchfiles.main - INFO - 1 change detected
2025-05-19 03:38:54,997 - watchfiles.main - INFO - 1 change detected
2025-05-19 03:38:55,400 - watchfiles.main - INFO - 1 change detected
2025-05-19 03:38:55,810 - watchfiles.main - INFO - 1 change detected
2025-05-19 03:38:56,214 - watchfiles.main - INFO - 1 change detected
2025-05-19 03:38:56,573 - watchfiles.main - INFO - 1 change detected
2025-05-19 03:38:56,983 - watchfiles.main - INFO - 1 change detected
2025-05-19 03:38:57,336 - watchfiles.main - INFO - 1 change detected
2025-05-19 03:38:57,750 - watchfiles.main - INFO - 1 change detected
2025-05-19 03:38:58,161 - watchfiles.main - INFO - 1 change detected
2025-05-19 03:38:58,518 - watchfiles.main - INFO - 1 change detected
2025-05-19 03:38:58,932 - watchfiles.main - INFO - 1 change detected
2025-05-19 03:38:59,336 - watchfiles.main - INFO - 1 change detected
2025-05-19 03:38:59,689 - watchfiles.main - INFO - 1 change detected
2025-05-19 03:39:00,095 - watchfiles.main - INFO - 1 change detected
2025-05-19 03:39:00,496 - watchfiles.main - INFO - 1 change detected
2025-05-19 03:39:00,912 - watchfiles.main - INFO - 1 change detected
2025-05-19 03:39:01,325 - watchfiles.main - INFO - 1 change detected
2025-05-19 03:39:01,737 - watchfiles.main - INFO - 1 change detected
2025-05-19 03:39:02,148 - watchfiles.main - INFO - 1 change detected
2025-05-19 03:39:02,554 - watchfiles.main - INFO - 1 change detected
2025-05-19 03:39:02,962 - watchfiles.main - INFO - 1 change detected
2025-05-19 03:39:03,322 - watchfiles.main - INFO - 1 change detected
2025-05-19 03:39:03,724 - watchfiles.main - INFO - 1 change detected
2025-05-19 03:39:04,133 - watchfiles.main - INFO - 1 change detected
2025-05-19 03:39:04,490 - watchfiles.main - INFO - 1 change detected
2025-05-19 03:39:04,904 - watchfiles.main - INFO - 1 change detected
2025-05-19 03:39:05,313 - watchfiles.main - INFO - 1 change detected
2025-05-19 03:39:05,719 - watchfiles.main - INFO - 1 change detected
2025-05-19 03:39:06,135 - watchfiles.main - INFO - 1 change detected
2025-05-19 03:39:06,542 - watchfiles.main - INFO - 1 change detected
2025-05-19 03:39:06,948 - watchfiles.main - INFO - 1 change detected
2025-05-19 03:39:07,360 - watchfiles.main - INFO - 1 change detected
2025-05-19 03:39:07,770 - watchfiles.main - INFO - 1 change detected
2025-05-19 03:39:08,129 - watchfiles.main - INFO - 1 change detected
2025-05-19 03:39:08,591 - watchfiles.main - INFO - 1 change detected
2025-05-19 03:39:08,955 - watchfiles.main - INFO - 1 change detected
2025-05-19 03:39:09,365 - watchfiles.main - INFO - 1 change detected
2025-05-19 03:39:09,772 - watchfiles.main - INFO - 1 change detected
2025-05-19 03:39:10,187 - watchfiles.main - INFO - 1 change detected
2025-05-19 03:39:10,602 - watchfiles.main - INFO - 1 change detected
2025-05-19 03:39:11,011 - watchfiles.main - INFO - 1 change detected
2025-05-19 03:39:11,421 - watchfiles.main - INFO - 1 change detected
2025-05-19 03:39:11,837 - watchfiles.main - INFO - 1 change detected
2025-05-19 03:39:12,243 - watchfiles.main - INFO - 1 change detected
2025-05-19 03:39:12,648 - watchfiles.main - INFO - 1 change detected
2025-05-19 03:39:13,002 - watchfiles.main - INFO - 1 change detected
2025-05-19 03:39:13,412 - watchfiles.main - INFO - 1 change detected
2025-05-19 03:39:13,773 - watchfiles.main - INFO - 1 change detected
2025-05-19 03:39:14,129 - watchfiles.main - INFO - 1 change detected
2025-05-19 03:40:13,255 - watchfiles.main - INFO - 1 change detected
2025-05-19 03:40:43,934 - watchfiles.main - INFO - 4 changes detected
2025-05-19 03:40:45,134 - watchfiles.main - INFO - 15 changes detected
2025-05-19 03:40:45,234 - apscheduler.scheduler - INFO - Adding job tentatively -- it will be properly scheduled when the scheduler starts
2025-05-19 03:40:45,234 - app.services.scheduler - INFO - Scheduler jobs configured successfully
2025-05-19 03:40:45,493 - watchfiles.main - INFO - 1 change detected
2025-05-19 03:40:45,855 - watchfiles.main - INFO - 1 change detected
2025-05-19 03:40:46,208 - watchfiles.main - INFO - 1 change detected
2025-05-19 03:40:46,567 - watchfiles.main - INFO - 1 change detected
2025-05-19 03:40:46,923 - watchfiles.main - INFO - 1 change detected
2025-05-19 03:40:47,275 - watchfiles.main - INFO - 1 change detected
2025-05-19 03:40:47,677 - watchfiles.main - INFO - 1 change detected
2025-05-19 03:40:48,084 - watchfiles.main - INFO - 1 change detected
2025-05-19 03:40:48,446 - watchfiles.main - INFO - 1 change detected
2025-05-19 03:40:48,899 - watchfiles.main - INFO - 1 change detected
2025-05-19 03:40:49,255 - watchfiles.main - INFO - 1 change detected
2025-05-19 03:40:49,669 - watchfiles.main - INFO - 1 change detected
2025-05-19 03:40:50,077 - watchfiles.main - INFO - 1 change detected
2025-05-19 03:40:50,497 - watchfiles.main - INFO - 1 change detected
2025-05-19 03:40:50,913 - watchfiles.main - INFO - 1 change detected
2025-05-19 03:40:51,274 - apscheduler.scheduler - INFO - Adding job tentatively -- it will be properly scheduled when the scheduler starts
2025-05-19 03:40:51,274 - apscheduler.scheduler - INFO - Added job "Daily fraud scan" to job store "default"
2025-05-19 03:40:51,274 - apscheduler.scheduler - INFO - Scheduler started
2025-05-19 03:40:51,274 - digital_wallet - INFO - Scheduler started successfully
2025-05-19 03:40:51,274 - digital_wallet - INFO - Application startup completed successfully
2025-05-19 03:40:51,317 - watchfiles.main - INFO - 1 change detected
2025-05-19 03:40:51,682 - watchfiles.main - INFO - 1 change detected
2025-05-19 03:40:52,096 - watchfiles.main - INFO - 1 change detected
2025-05-19 03:40:52,452 - watchfiles.main - INFO - 1 change detected
2025-05-19 03:40:52,812 - watchfiles.main - INFO - 1 change detected
2025-05-19 03:40:53,214 - watchfiles.main - INFO - 1 change detected
2025-05-19 03:40:53,629 - watchfiles.main - INFO - 1 change detected
2025-05-19 03:40:54,088 - watchfiles.main - INFO - 1 change detected
2025-05-19 03:40:54,443 - watchfiles.main - INFO - 1 change detected
2025-05-19 03:40:54,850 - watchfiles.main - INFO - 1 change detected
2025-05-19 03:40:55,260 - watchfiles.main - INFO - 1 change detected
2025-05-19 03:40:55,667 - watchfiles.main - INFO - 1 change detected
2025-05-19 03:40:56,071 - watchfiles.main - INFO - 1 change detected
2025-05-19 03:40:56,480 - watchfiles.main - INFO - 1 change detected
2025-05-19 03:40:56,885 - watchfiles.main - INFO - 1 change detected
2025-05-19 03:40:57,295 - watchfiles.main - INFO - 1 change detected
2025-05-19 03:40:57,704 - watchfiles.main - INFO - 1 change detected
2025-05-19 03:40:58,110 - watchfiles.main - INFO - 1 change detected
2025-05-19 03:40:58,517 - watchfiles.main - INFO - 1 change detected
2025-05-19 03:40:58,918 - watchfiles.main - INFO - 1 change detected
2025-05-19 03:40:59,322 - watchfiles.main - INFO - 1 change detected
2025-05-19 03:40:59,731 - watchfiles.main - INFO - 1 change detected
2025-05-19 03:41:00,133 - watchfiles.main - INFO - 1 change detected
2025-05-19 03:41:00,494 - watchfiles.main - INFO - 1 change detected
2025-05-19 03:41:00,957 - watchfiles.main - INFO - 1 change detected
2025-05-19 03:41:01,371 - watchfiles.main - INFO - 1 change detected
2025-05-19 03:41:01,775 - watchfiles.main - INFO - 1 change detected
2025-05-19 03:41:02,177 - watchfiles.main - INFO - 1 change detected
2025-05-19 03:41:02,528 - watchfiles.main - INFO - 1 change detected
2025-05-19 03:41:02,942 - watchfiles.main - INFO - 1 change detected
2025-05-19 03:41:03,347 - watchfiles.main - INFO - 1 change detected
2025-05-19 03:41:03,764 - watchfiles.main - INFO - 1 change detected
2025-05-19 03:41:04,128 - watchfiles.main - INFO - 1 change detected
2025-05-19 03:41:04,531 - watchfiles.main - INFO - 1 change detected
2025-05-19 03:41:04,934 - watchfiles.main - INFO - 1 change detected
2025-05-19 03:41:05,347 - watchfiles.main - INFO - 1 change detected
2025-05-19 03:41:05,761 - watchfiles.main - INFO - 1 change detected
2025-05-19 03:41:06,167 - watchfiles.main - INFO - 1 change detected
2025-05-19 03:41:06,529 - watchfiles.main - INFO - 1 change detected
2025-05-19 03:41:06,941 - watchfiles.main - INFO - 1 change detected
2025-05-19 03:41:07,344 - watchfiles.main - INFO - 1 change detected
2025-05-19 03:41:07,714 - watchfiles.main - INFO - 1 change detected
2025-05-19 03:41:08,116 - watchfiles.main - INFO - 1 change detected
2025-05-19 03:41:08,474 - watchfiles.main - INFO - 1 change detected
2025-05-19 03:41:08,828 - watchfiles.main - INFO - 1 change detected
2025-05-19 03:41:09,182 - watchfiles.main - INFO - 1 change detected
2025-05-19 03:41:09,543 - watchfiles.main - INFO - 1 change detected
2025-05-19 03:41:09,904 - watchfiles.main - INFO - 1 change detected
2025-05-19 03:41:10,259 - watchfiles.main - INFO - 1 change detected
2025-05-19 03:41:10,614 - watchfiles.main - INFO - 1 change detected
2025-05-19 03:41:10,967 - watchfiles.main - INFO - 1 change detected
2025-05-19 03:41:11,324 - watchfiles.main - INFO - 1 change detected
2025-05-19 03:41:11,726 - watchfiles.main - INFO - 1 change detected
2025-05-19 03:41:12,129 - watchfiles.main - INFO - 1 change detected
2025-05-19 03:41:12,538 - watchfiles.main - INFO - 1 change detected
2025-05-19 03:41:12,942 - watchfiles.main - INFO - 1 change detected
2025-05-19 03:41:13,294 - watchfiles.main - INFO - 1 change detected
2025-05-19 03:41:13,698 - watchfiles.main - INFO - 1 change detected
2025-05-19 03:41:14,101 - watchfiles.main - INFO - 1 change detected
2025-05-19 03:41:14,462 - watchfiles.main - INFO - 1 change detected
2025-05-19 03:41:14,864 - watchfiles.main - INFO - 1 change detected
2025-05-19 03:41:15,217 - watchfiles.main - INFO - 1 change detected
2025-05-19 03:41:15,334 - app.api.api_v1.endpoints.wallet - INFO - Retrieved wallet for user 3
2025-05-19 03:41:15,622 - watchfiles.main - INFO - 1 change detected
2025-05-19 03:41:16,032 - watchfiles.main - INFO - 1 change detected
2025-05-19 03:41:16,392 - watchfiles.main - INFO - 1 change detected
2025-05-19 03:41:16,807 - watchfiles.main - INFO - 1 change detected
2025-05-19 03:41:17,212 - watchfiles.main - INFO - 1 change detected
2025-05-19 03:41:17,614 - watchfiles.main - INFO - 1 change detected
2025-05-19 03:41:17,966 - watchfiles.main - INFO - 1 change detected
2025-05-19 03:41:18,371 - watchfiles.main - INFO - 1 change detected
2025-05-19 03:41:18,774 - watchfiles.main - INFO - 1 change detected
2025-05-19 03:41:19,177 - watchfiles.main - INFO - 1 change detected
2025-05-19 03:41:19,579 - watchfiles.main - INFO - 1 change detected
2025-05-19 03:41:19,937 - watchfiles.main - INFO - 1 change detected
2025-05-19 03:41:20,344 - watchfiles.main - INFO - 1 change detected
2025-05-19 03:41:20,703 - watchfiles.main - INFO - 1 change detected
2025-05-19 03:41:21,107 - watchfiles.main - INFO - 1 change detected
2025-05-19 03:41:21,510 - watchfiles.main - INFO - 1 change detected
2025-05-19 03:41:21,913 - watchfiles.main - INFO - 1 change detected
2025-05-19 03:41:22,264 - watchfiles.main - INFO - 1 change detected
2025-05-19 03:41:22,670 - watchfiles.main - INFO - 1 change detected
2025-05-19 03:41:23,080 - watchfiles.main - INFO - 1 change detected
2025-05-19 03:41:23,433 - watchfiles.main - INFO - 1 change detected
2025-05-19 03:41:23,837 - watchfiles.main - INFO - 1 change detected
2025-05-19 03:41:24,239 - watchfiles.main - INFO - 1 change detected
2025-05-19 03:41:24,642 - watchfiles.main - INFO - 1 change detected
2025-05-19 03:41:25,053 - watchfiles.main - INFO - 1 change detected
2025-05-19 03:41:25,411 - watchfiles.main - INFO - 1 change detected
2025-05-19 03:41:25,816 - watchfiles.main - INFO - 1 change detected
2025-05-19 03:41:26,227 - watchfiles.main - INFO - 1 change detected
2025-05-19 03:41:26,643 - watchfiles.main - INFO - 1 change detected
2025-05-19 03:41:27,002 - watchfiles.main - INFO - 1 change detected
2025-05-19 03:41:27,405 - watchfiles.main - INFO - 1 change detected
2025-05-19 03:41:27,812 - watchfiles.main - INFO - 1 change detected
2025-05-19 03:41:28,165 - watchfiles.main - INFO - 1 change detected
2025-05-19 03:41:28,623 - watchfiles.main - INFO - 1 change detected
2025-05-19 03:41:29,038 - watchfiles.main - INFO - 1 change detected
2025-05-19 03:41:29,402 - watchfiles.main - INFO - 1 change detected
2025-05-19 03:41:29,859 - watchfiles.main - INFO - 1 change detected
2025-05-19 03:41:30,224 - watchfiles.main - INFO - 1 change detected
2025-05-19 03:41:30,627 - watchfiles.main - INFO - 1 change detected
2025-05-19 03:41:31,032 - watchfiles.main - INFO - 1 change detected
2025-05-19 03:41:31,443 - watchfiles.main - INFO - 1 change detected
2025-05-19 03:41:31,853 - watchfiles.main - INFO - 1 change detected
2025-05-19 03:41:32,216 - watchfiles.main - INFO - 1 change detected
2025-05-19 03:41:32,620 - watchfiles.main - INFO - 1 change detected
2025-05-19 03:41:33,033 - watchfiles.main - INFO - 1 change detected
2025-05-19 03:41:33,392 - watchfiles.main - INFO - 1 change detected
2025-05-19 03:41:33,796 - watchfiles.main - INFO - 1 change detected
2025-05-19 03:41:34,154 - watchfiles.main - INFO - 1 change detected
2025-05-19 03:41:34,506 - watchfiles.main - INFO - 1 change detected
2025-05-19 03:41:34,860 - watchfiles.main - INFO - 1 change detected
2025-05-19 03:41:35,212 - watchfiles.main - INFO - 1 change detected
2025-05-19 03:41:35,564 - watchfiles.main - INFO - 1 change detected
2025-05-19 03:41:35,918 - watchfiles.main - INFO - 1 change detected
2025-05-19 03:41:36,272 - watchfiles.main - INFO - 1 change detected
2025-05-19 03:41:36,626 - watchfiles.main - INFO - 1 change detected
2025-05-19 03:41:36,981 - watchfiles.main - INFO - 1 change detected
2025-05-19 03:41:37,344 - watchfiles.main - INFO - 1 change detected
2025-05-19 03:41:37,757 - watchfiles.main - INFO - 1 change detected
2025-05-19 03:41:38,165 - watchfiles.main - INFO - 1 change detected
2025-05-19 03:41:38,569 - watchfiles.main - INFO - 1 change detected
2025-05-19 03:41:38,983 - watchfiles.main - INFO - 1 change detected
2025-05-19 03:41:39,346 - watchfiles.main - INFO - 1 change detected
2025-05-19 03:41:39,755 - watchfiles.main - INFO - 1 change detected
2025-05-19 03:41:40,160 - watchfiles.main - INFO - 1 change detected
2025-05-19 03:41:40,575 - watchfiles.main - INFO - 1 change detected
2025-05-19 03:41:40,979 - watchfiles.main - INFO - 1 change detected
2025-05-19 03:41:41,390 - watchfiles.main - INFO - 1 change detected
2025-05-19 03:41:41,796 - watchfiles.main - INFO - 1 change detected
2025-05-19 03:41:42,156 - watchfiles.main - INFO - 1 change detected
2025-05-19 03:41:42,522 - watchfiles.main - INFO - 1 change detected
2025-05-19 03:41:42,884 - watchfiles.main - INFO - 1 change detected
2025-05-19 03:41:43,294 - watchfiles.main - INFO - 1 change detected
2025-05-19 03:41:43,648 - watchfiles.main - INFO - 1 change detected
2025-05-19 03:41:44,052 - watchfiles.main - INFO - 1 change detected
2025-05-19 03:41:44,459 - watchfiles.main - INFO - 1 change detected
2025-05-19 03:41:44,866 - watchfiles.main - INFO - 1 change detected
2025-05-19 03:41:45,225 - watchfiles.main - INFO - 1 change detected
2025-05-19 03:41:45,628 - watchfiles.main - INFO - 1 change detected
2025-05-19 03:41:46,041 - watchfiles.main - INFO - 1 change detected
2025-05-19 03:41:46,448 - watchfiles.main - INFO - 1 change detected
2025-05-19 03:41:46,851 - watchfiles.main - INFO - 1 change detected
2025-05-19 03:41:47,254 - watchfiles.main - INFO - 1 change detected
2025-05-19 03:41:47,606 - watchfiles.main - INFO - 1 change detected
2025-05-19 03:41:48,011 - watchfiles.main - INFO - 1 change detected
2025-05-19 03:41:48,413 - watchfiles.main - INFO - 1 change detected
2025-05-19 03:41:48,772 - watchfiles.main - INFO - 1 change detected
2025-05-19 03:41:49,177 - watchfiles.main - INFO - 1 change detected
2025-05-19 03:41:49,579 - watchfiles.main - INFO - 1 change detected
2025-05-19 03:41:49,982 - watchfiles.main - INFO - 1 change detected
2025-05-19 03:41:50,384 - watchfiles.main - INFO - 1 change detected
2025-05-19 03:41:50,789 - watchfiles.main - INFO - 1 change detected
2025-05-19 03:41:51,140 - watchfiles.main - INFO - 1 change detected
2025-05-19 03:41:51,552 - watchfiles.main - INFO - 1 change detected
2025-05-19 03:41:51,962 - watchfiles.main - INFO - 1 change detected
2025-05-19 03:41:52,321 - watchfiles.main - INFO - 1 change detected
2025-05-19 03:41:52,737 - watchfiles.main - INFO - 1 change detected
2025-05-19 03:41:53,150 - watchfiles.main - INFO - 1 change detected
2025-05-19 03:41:53,512 - watchfiles.main - INFO - 1 change detected
2025-05-19 03:41:53,926 - watchfiles.main - INFO - 1 change detected
2025-05-19 03:41:54,341 - watchfiles.main - INFO - 1 change detected
2025-05-19 03:41:54,701 - watchfiles.main - INFO - 1 change detected
2025-05-19 03:41:55,116 - watchfiles.main - INFO - 1 change detected
2025-05-19 03:41:55,531 - watchfiles.main - INFO - 1 change detected
2025-05-19 03:41:55,895 - watchfiles.main - INFO - 1 change detected
2025-05-19 03:41:56,302 - watchfiles.main - INFO - 1 change detected
2025-05-19 03:41:56,716 - watchfiles.main - INFO - 1 change detected
2025-05-19 03:41:57,118 - watchfiles.main - INFO - 1 change detected
2025-05-19 03:41:57,522 - watchfiles.main - INFO - 1 change detected
2025-05-19 03:41:57,930 - watchfiles.main - INFO - 1 change detected
2025-05-19 03:41:58,337 - watchfiles.main - INFO - 1 change detected
2025-05-19 03:41:58,692 - watchfiles.main - INFO - 1 change detected
2025-05-19 03:41:59,057 - watchfiles.main - INFO - 1 change detected
2025-05-19 03:41:59,417 - watchfiles.main - INFO - 1 change detected
2025-05-19 03:41:59,818 - watchfiles.main - INFO - 1 change detected
2025-05-19 03:42:00,227 - watchfiles.main - INFO - 1 change detected
2025-05-19 03:42:00,634 - watchfiles.main - INFO - 1 change detected
2025-05-19 03:42:01,036 - watchfiles.main - INFO - 1 change detected
2025-05-19 03:42:01,400 - watchfiles.main - INFO - 1 change detected
2025-05-19 03:42:01,754 - watchfiles.main - INFO - 1 change detected
2025-05-19 03:42:02,169 - watchfiles.main - INFO - 1 change detected
2025-05-19 03:42:02,571 - watchfiles.main - INFO - 1 change detected
2025-05-19 03:42:02,927 - watchfiles.main - INFO - 1 change detected
2025-05-19 03:42:03,386 - watchfiles.main - INFO - 1 change detected
2025-05-19 03:42:03,751 - watchfiles.main - INFO - 1 change detected
2025-05-19 03:42:04,156 - watchfiles.main - INFO - 1 change detected
2025-05-19 03:42:04,558 - watchfiles.main - INFO - 1 change detected
2025-05-19 03:42:05,010 - watchfiles.main - INFO - 1 change detected
2025-05-19 03:42:05,368 - watchfiles.main - INFO - 1 change detected
2025-05-19 03:42:05,775 - watchfiles.main - INFO - 1 change detected
2025-05-19 03:42:06,191 - watchfiles.main - INFO - 1 change detected
2025-05-19 03:42:06,593 - watchfiles.main - INFO - 1 change detected
2025-05-19 03:42:07,007 - watchfiles.main - INFO - 1 change detected
2025-05-19 03:42:07,412 - watchfiles.main - INFO - 1 change detected
2025-05-19 03:42:14,234 - apscheduler.scheduler - INFO - Adding job tentatively -- it will be properly scheduled when the scheduler starts
2025-05-19 03:42:14,234 - app.services.scheduler - INFO - Scheduler jobs configured successfully
2025-05-19 03:42:18,595 - apscheduler.scheduler - INFO - Added job "Daily fraud detection scan" to job store "default"
2025-05-19 03:42:18,596 - apscheduler.scheduler - INFO - Scheduler started
2025-05-19 03:42:19,674 - apscheduler.scheduler - INFO - Adding job tentatively -- it will be properly scheduled when the scheduler starts
2025-05-19 03:42:19,674 - app.services.scheduler - INFO - Scheduler jobs configured successfully
2025-05-19 03:42:19,763 - watchfiles.main - INFO - 1 change detected
2025-05-19 03:42:20,117 - watchfiles.main - INFO - 1 change detected
2025-05-19 03:42:20,525 - watchfiles.main - INFO - 1 change detected
2025-05-19 03:42:20,891 - watchfiles.main - INFO - 1 change detected
2025-05-19 03:42:21,301 - watchfiles.main - INFO - 1 change detected
2025-05-19 03:42:21,666 - watchfiles.main - INFO - 1 change detected
2025-05-19 03:42:22,121 - watchfiles.main - INFO - 1 change detected
2025-05-19 03:42:22,479 - watchfiles.main - INFO - 1 change detected
2025-05-19 03:42:22,883 - watchfiles.main - INFO - 1 change detected
2025-05-19 03:42:23,299 - watchfiles.main - INFO - 1 change detected
2025-05-19 03:42:23,710 - watchfiles.main - INFO - 1 change detected
2025-05-19 03:42:24,070 - watchfiles.main - INFO - 1 change detected
2025-05-19 03:42:24,482 - watchfiles.main - INFO - 1 change detected
2025-05-19 03:42:24,890 - watchfiles.main - INFO - 1 change detected
2025-05-19 03:42:25,303 - watchfiles.main - INFO - 1 change detected
2025-05-19 03:42:25,710 - watchfiles.main - INFO - 1 change detected
2025-05-19 03:42:25,954 - apscheduler.scheduler - INFO - Adding job tentatively -- it will be properly scheduled when the scheduler starts
2025-05-19 03:42:25,954 - apscheduler.scheduler - INFO - Added job "Daily fraud scan" to job store "default"
2025-05-19 03:42:25,954 - apscheduler.scheduler - INFO - Scheduler started
2025-05-19 03:42:25,954 - digital_wallet - INFO - Scheduler started successfully
2025-05-19 03:42:25,954 - digital_wallet - INFO - Application startup completed successfully
2025-05-19 03:42:26,070 - watchfiles.main - INFO - 1 change detected
2025-05-19 03:42:26,528 - watchfiles.main - INFO - 1 change detected
2025-05-19 03:42:26,936 - watchfiles.main - INFO - 1 change detected
2025-05-19 03:42:27,337 - watchfiles.main - INFO - 1 change detected
2025-05-19 03:42:27,743 - watchfiles.main - INFO - 1 change detected
2025-05-19 03:42:28,160 - watchfiles.main - INFO - 1 change detected
2025-05-19 03:42:28,523 - watchfiles.main - INFO - 1 change detected
2025-05-19 03:42:28,935 - watchfiles.main - INFO - 1 change detected
2025-05-19 03:42:29,348 - watchfiles.main - INFO - 1 change detected
2025-05-19 03:42:29,750 - watchfiles.main - INFO - 1 change detected
2025-05-19 03:42:30,114 - watchfiles.main - INFO - 1 change detected
2025-05-19 03:42:30,523 - watchfiles.main - INFO - 1 change detected
2025-05-19 03:42:30,939 - watchfiles.main - INFO - 1 change detected
2025-05-19 03:42:31,348 - watchfiles.main - INFO - 1 change detected
2025-05-19 03:42:31,755 - watchfiles.main - INFO - 1 change detected
2025-05-19 03:42:32,112 - watchfiles.main - INFO - 1 change detected
2025-05-19 03:42:32,463 - watchfiles.main - INFO - 1 change detected
2025-05-19 03:42:32,880 - watchfiles.main - INFO - 1 change detected
2025-05-19 03:42:33,290 - watchfiles.main - INFO - 1 change detected
2025-05-19 03:42:33,699 - watchfiles.main - INFO - 1 change detected
2025-05-19 03:42:34,113 - watchfiles.main - INFO - 1 change detected
2025-05-19 03:42:34,469 - watchfiles.main - INFO - 1 change detected
2025-05-19 03:42:34,831 - watchfiles.main - INFO - 1 change detected
2025-05-19 03:42:35,195 - watchfiles.main - INFO - 1 change detected
2025-05-19 03:42:35,554 - watchfiles.main - INFO - 1 change detected
2025-05-19 03:42:35,906 - watchfiles.main - INFO - 1 change detected
2025-05-19 03:42:36,271 - watchfiles.main - INFO - 1 change detected
2025-05-19 03:42:36,623 - watchfiles.main - INFO - 1 change detected
2025-05-19 03:42:37,030 - watchfiles.main - INFO - 1 change detected
2025-05-19 03:42:37,437 - watchfiles.main - INFO - 1 change detected
2025-05-19 03:42:37,847 - watchfiles.main - INFO - 1 change detected
2025-05-19 03:42:38,250 - watchfiles.main - INFO - 1 change detected
2025-05-19 03:42:38,656 - watchfiles.main - INFO - 1 change detected
2025-05-19 03:42:39,066 - watchfiles.main - INFO - 1 change detected
2025-05-19 03:42:39,429 - watchfiles.main - INFO - 1 change detected
2025-05-19 03:42:39,842 - watchfiles.main - INFO - 1 change detected
2025-05-19 03:42:40,248 - watchfiles.main - INFO - 1 change detected
2025-05-19 03:42:40,655 - watchfiles.main - INFO - 1 change detected
2025-05-19 03:42:41,075 - watchfiles.main - INFO - 1 change detected
2025-05-19 03:42:41,490 - watchfiles.main - INFO - 1 change detected
2025-05-19 03:42:41,898 - watchfiles.main - INFO - 1 change detected
2025-05-19 03:42:42,304 - watchfiles.main - INFO - 1 change detected
2025-05-19 03:42:42,710 - watchfiles.main - INFO - 1 change detected
2025-05-19 03:42:43,113 - watchfiles.main - INFO - 1 change detected
2025-05-19 03:42:43,477 - watchfiles.main - INFO - 1 change detected
2025-05-19 03:42:43,929 - watchfiles.main - INFO - 1 change detected
2025-05-19 03:42:44,334 - watchfiles.main - INFO - 1 change detected
2025-05-19 03:42:44,693 - watchfiles.main - INFO - 1 change detected
2025-05-19 03:42:45,102 - watchfiles.main - INFO - 1 change detected
2025-05-19 03:42:45,507 - watchfiles.main - INFO - 1 change detected
2025-05-19 03:42:45,912 - watchfiles.main - INFO - 1 change detected
2025-05-19 03:42:46,321 - watchfiles.main - INFO - 1 change detected
2025-05-19 03:42:46,722 - watchfiles.main - INFO - 1 change detected
2025-05-19 03:42:47,138 - watchfiles.main - INFO - 1 change detected
2025-05-19 03:42:47,502 - watchfiles.main - INFO - 1 change detected
2025-05-19 03:42:47,859 - watchfiles.main - INFO - 1 change detected
2025-05-19 03:42:48,274 - watchfiles.main - INFO - 1 change detected
2025-05-19 03:42:48,681 - watchfiles.main - INFO - 1 change detected
2025-05-19 03:42:49,093 - watchfiles.main - INFO - 1 change detected
2025-05-19 03:42:49,459 - watchfiles.main - INFO - 1 change detected
2025-05-19 03:42:49,865 - watchfiles.main - INFO - 1 change detected
2025-05-19 03:42:50,270 - watchfiles.main - INFO - 1 change detected
2025-05-19 03:42:50,727 - watchfiles.main - INFO - 1 change detected
2025-05-19 03:42:51,090 - watchfiles.main - INFO - 1 change detected
2025-05-19 03:42:51,442 - watchfiles.main - INFO - 1 change detected
2025-05-19 03:42:51,852 - watchfiles.main - INFO - 1 change detected
2025-05-19 03:42:52,258 - watchfiles.main - INFO - 1 change detected
2025-05-19 03:42:52,673 - watchfiles.main - INFO - 1 change detected
2025-05-19 03:42:53,077 - watchfiles.main - INFO - 1 change detected
2025-05-19 03:42:53,490 - watchfiles.main - INFO - 1 change detected
2025-05-19 03:42:53,898 - watchfiles.main - INFO - 1 change detected
2025-05-19 03:42:54,314 - watchfiles.main - INFO - 1 change detected
2025-05-19 03:42:54,725 - watchfiles.main - INFO - 1 change detected
2025-05-19 03:42:55,130 - watchfiles.main - INFO - 1 change detected
2025-05-19 03:42:55,538 - watchfiles.main - INFO - 1 change detected
2025-05-19 03:42:55,947 - watchfiles.main - INFO - 1 change detected
2025-05-19 03:42:56,363 - watchfiles.main - INFO - 1 change detected
2025-05-19 03:42:56,768 - watchfiles.main - INFO - 1 change detected
2025-05-19 03:42:57,173 - watchfiles.main - INFO - 1 change detected
2025-05-19 03:42:57,577 - watchfiles.main - INFO - 1 change detected
2025-05-19 03:42:57,981 - watchfiles.main - INFO - 1 change detected
2025-05-19 03:42:58,383 - watchfiles.main - INFO - 1 change detected
2025-05-19 03:42:58,798 - watchfiles.main - INFO - 1 change detected
2025-05-19 03:42:59,201 - watchfiles.main - INFO - 1 change detected
2025-05-19 03:42:59,614 - watchfiles.main - INFO - 1 change detected
2025-05-19 03:43:00,016 - watchfiles.main - INFO - 1 change detected
2025-05-19 03:43:00,419 - watchfiles.main - INFO - 1 change detected
2025-05-19 03:43:00,821 - watchfiles.main - INFO - 1 change detected
2025-05-19 03:43:01,236 - watchfiles.main - INFO - 1 change detected
2025-05-19 03:43:01,650 - watchfiles.main - INFO - 1 change detected
2025-05-19 03:43:02,009 - watchfiles.main - INFO - 1 change detected
2025-05-19 03:43:02,469 - watchfiles.main - INFO - 1 change detected
2025-05-19 03:43:02,833 - watchfiles.main - INFO - 1 change detected
2025-05-19 03:43:03,235 - watchfiles.main - INFO - 1 change detected
2025-05-19 03:43:03,650 - watchfiles.main - INFO - 1 change detected
2025-05-19 03:43:04,064 - watchfiles.main - INFO - 1 change detected
2025-05-19 03:43:04,481 - watchfiles.main - INFO - 1 change detected
2025-05-19 03:43:04,884 - watchfiles.main - INFO - 1 change detected
2025-05-19 03:43:05,245 - watchfiles.main - INFO - 1 change detected
2025-05-19 03:43:05,653 - watchfiles.main - INFO - 1 change detected
2025-05-19 03:43:06,108 - watchfiles.main - INFO - 1 change detected
2025-05-19 03:43:06,473 - watchfiles.main - INFO - 1 change detected
2025-05-19 03:43:06,883 - watchfiles.main - INFO - 1 change detected
2025-05-19 03:43:07,300 - watchfiles.main - INFO - 1 change detected
2025-05-19 03:43:07,702 - watchfiles.main - INFO - 1 change detected
2025-05-19 03:43:08,112 - watchfiles.main - INFO - 1 change detected
2025-05-19 03:43:08,516 - watchfiles.main - INFO - 1 change detected
2025-05-19 03:43:08,919 - watchfiles.main - INFO - 1 change detected
2025-05-19 03:43:09,331 - watchfiles.main - INFO - 1 change detected
2025-05-19 03:43:09,739 - watchfiles.main - INFO - 1 change detected
2025-05-19 03:43:10,154 - watchfiles.main - INFO - 1 change detected
2025-05-19 03:43:10,512 - watchfiles.main - INFO - 1 change detected
2025-05-19 03:43:10,878 - watchfiles.main - INFO - 1 change detected
2025-05-19 03:43:11,286 - watchfiles.main - INFO - 1 change detected
2025-05-19 03:43:11,690 - watchfiles.main - INFO - 1 change detected
2025-05-19 03:43:12,107 - watchfiles.main - INFO - 1 change detected
2025-05-19 03:43:12,469 - watchfiles.main - INFO - 1 change detected
2025-05-19 03:43:12,876 - watchfiles.main - INFO - 1 change detected
2025-05-19 03:43:13,280 - watchfiles.main - INFO - 1 change detected
2025-05-19 03:43:13,689 - watchfiles.main - INFO - 1 change detected
2025-05-19 03:43:14,094 - watchfiles.main - INFO - 1 change detected
2025-05-19 03:43:14,507 - watchfiles.main - INFO - 1 change detected
2025-05-19 03:43:14,924 - watchfiles.main - INFO - 1 change detected
2025-05-19 03:43:15,340 - watchfiles.main - INFO - 1 change detected
2025-05-19 03:43:15,751 - watchfiles.main - INFO - 1 change detected
2025-05-19 03:43:16,106 - watchfiles.main - INFO - 1 change detected
2025-05-19 03:43:16,458 - watchfiles.main - INFO - 1 change detected
2025-05-19 03:43:16,817 - watchfiles.main - INFO - 1 change detected
2025-05-19 03:43:17,175 - watchfiles.main - INFO - 1 change detected
2025-05-19 03:43:17,531 - watchfiles.main - INFO - 1 change detected
2025-05-19 03:43:17,896 - watchfiles.main - INFO - 1 change detected
2025-05-19 03:43:18,299 - watchfiles.main - INFO - 1 change detected
2025-05-19 03:43:18,711 - watchfiles.main - INFO - 1 change detected
2025-05-19 03:43:19,114 - watchfiles.main - INFO - 1 change detected
2025-05-19 03:43:19,517 - watchfiles.main - INFO - 1 change detected
2025-05-19 03:43:19,869 - watchfiles.main - INFO - 1 change detected
2025-05-19 03:43:20,274 - watchfiles.main - INFO - 1 change detected
2025-05-19 03:43:20,676 - watchfiles.main - INFO - 1 change detected
2025-05-19 03:43:21,079 - watchfiles.main - INFO - 1 change detected
2025-05-19 03:43:21,491 - watchfiles.main - INFO - 1 change detected
2025-05-19 03:43:21,894 - watchfiles.main - INFO - 1 change detected
2025-05-19 03:43:22,301 - watchfiles.main - INFO - 1 change detected
2025-05-19 03:43:22,654 - watchfiles.main - INFO - 1 change detected
2025-05-19 03:43:23,109 - watchfiles.main - INFO - 1 change detected
2025-05-19 03:43:23,561 - watchfiles.main - INFO - 1 change detected
2025-05-19 03:43:23,968 - watchfiles.main - INFO - 1 change detected
2025-05-19 03:43:24,328 - watchfiles.main - INFO - 1 change detected
2025-05-19 03:43:24,732 - watchfiles.main - INFO - 1 change detected
2025-05-19 03:43:25,088 - watchfiles.main - INFO - 1 change detected
2025-05-19 03:43:25,490 - watchfiles.main - INFO - 1 change detected
2025-05-19 03:43:25,849 - watchfiles.main - INFO - 1 change detected
2025-05-19 03:43:26,263 - watchfiles.main - INFO - 1 change detected
2025-05-19 03:43:26,675 - watchfiles.main - INFO - 1 change detected
2025-05-19 03:43:27,078 - watchfiles.main - INFO - 1 change detected
2025-05-19 03:43:27,438 - watchfiles.main - INFO - 1 change detected
2025-05-19 03:43:27,849 - watchfiles.main - INFO - 1 change detected
2025-05-19 03:43:28,251 - watchfiles.main - INFO - 1 change detected
2025-05-19 03:43:28,655 - watchfiles.main - INFO - 1 change detected
2025-05-19 03:43:29,064 - watchfiles.main - INFO - 1 change detected
2025-05-19 03:43:29,476 - watchfiles.main - INFO - 1 change detected
2025-05-19 03:43:29,836 - watchfiles.main - INFO - 1 change detected
2025-05-19 03:43:30,188 - watchfiles.main - INFO - 1 change detected
2025-05-19 03:43:30,553 - watchfiles.main - INFO - 1 change detected
2025-05-19 03:43:30,959 - watchfiles.main - INFO - 1 change detected
2025-05-19 03:43:31,272 - apscheduler.scheduler - INFO - Adding job tentatively -- it will be properly scheduled when the scheduler starts
2025-05-19 03:43:31,272 - app.services.scheduler - INFO - Scheduler jobs configured successfully
2025-05-19 03:43:31,360 - watchfiles.main - INFO - 1 change detected
2025-05-19 03:43:31,770 - watchfiles.main - INFO - 1 change detected
2025-05-19 03:43:32,185 - watchfiles.main - INFO - 1 change detected
2025-05-19 03:43:32,586 - watchfiles.main - INFO - 1 change detected
2025-05-19 03:43:32,938 - watchfiles.main - INFO - 1 change detected
2025-05-19 03:43:33,339 - watchfiles.main - INFO - 1 change detected
2025-05-19 03:43:33,754 - watchfiles.main - INFO - 1 change detected
2025-05-19 03:43:34,156 - watchfiles.main - INFO - 1 change detected
2025-05-19 03:43:34,519 - watchfiles.main - INFO - 1 change detected
2025-05-19 03:43:34,872 - watchfiles.main - INFO - 1 change detected
2025-05-19 03:43:35,230 - watchfiles.main - INFO - 1 change detected
2025-05-19 03:43:35,582 - watchfiles.main - INFO - 1 change detected
2025-05-19 03:43:35,939 - watchfiles.main - INFO - 1 change detected
2025-05-19 03:43:36,293 - watchfiles.main - INFO - 1 change detected
2025-05-19 03:43:36,645 - watchfiles.main - INFO - 1 change detected
2025-05-19 03:43:37,002 - watchfiles.main - INFO - 1 change detected
2025-05-19 03:43:37,408 - watchfiles.main - INFO - 1 change detected
2025-05-19 03:43:37,722 - apscheduler.scheduler - INFO - Adding job tentatively -- it will be properly scheduled when the scheduler starts
2025-05-19 03:43:37,722 - apscheduler.scheduler - INFO - Added job "Daily fraud scan" to job store "default"
2025-05-19 03:43:37,722 - apscheduler.scheduler - INFO - Scheduler started
2025-05-19 03:43:37,723 - digital_wallet - INFO - Scheduler started successfully
2025-05-19 03:43:37,723 - digital_wallet - INFO - Application startup completed successfully
2025-05-19 03:43:37,759 - watchfiles.main - INFO - 1 change detected
2025-05-19 03:43:38,220 - watchfiles.main - INFO - 1 change detected
2025-05-19 03:43:38,576 - watchfiles.main - INFO - 1 change detected
2025-05-19 03:43:38,980 - watchfiles.main - INFO - 1 change detected
2025-05-19 03:43:39,343 - watchfiles.main - INFO - 1 change detected
2025-05-19 03:43:39,698 - watchfiles.main - INFO - 1 change detected
2025-05-19 03:44:09,954 - watchfiles.main - INFO - 1 change detected
2025-05-19 03:44:33,728 - watchfiles.main - INFO - 3 changes detected
2025-05-19 03:44:34,486 - watchfiles.main - INFO - 1 change detected
2025-05-19 03:44:34,849 - watchfiles.main - INFO - 1 change detected
2025-05-19 03:44:35,212 - watchfiles.main - INFO - 1 change detected
2025-05-19 03:44:35,380 - apscheduler.scheduler - INFO - Adding job tentatively -- it will be properly scheduled when the scheduler starts
2025-05-19 03:44:35,380 - app.services.scheduler - INFO - Scheduler jobs configured successfully
2025-05-19 03:44:35,575 - watchfiles.main - INFO - 1 change detected
2025-05-19 03:44:35,941 - watchfiles.main - INFO - 1 change detected
2025-05-19 03:44:36,306 - watchfiles.main - INFO - 1 change detected
2025-05-19 03:44:36,662 - watchfiles.main - INFO - 1 change detected
2025-05-19 03:44:37,025 - watchfiles.main - INFO - 1 change detected
2025-05-19 03:44:37,439 - watchfiles.main - INFO - 1 change detected
2025-05-19 03:44:37,840 - watchfiles.main - INFO - 1 change detected
2025-05-19 03:44:41,780 - apscheduler.scheduler - INFO - Adding job tentatively -- it will be properly scheduled when the scheduler starts
2025-05-19 03:44:41,780 - apscheduler.scheduler - INFO - Added job "Daily fraud scan" to job store "default"
2025-05-19 03:44:41,780 - apscheduler.scheduler - INFO - Scheduler started
2025-05-19 03:44:41,780 - digital_wallet - INFO - Scheduler started successfully
2025-05-19 03:44:41,780 - digital_wallet - INFO - Application startup completed successfully
2025-05-19 03:44:44,338 - apscheduler.scheduler - INFO - Adding job tentatively -- it will be properly scheduled when the scheduler starts
2025-05-19 03:44:44,338 - app.services.scheduler - INFO - Scheduler jobs configured successfully
2025-05-19 03:44:48,470 - apscheduler.scheduler - INFO - Added job "Daily fraud detection scan" to job store "default"
2025-05-19 03:44:48,470 - apscheduler.scheduler - INFO - Scheduler started
2025-05-19 03:44:51,465 - apscheduler.scheduler - INFO - Adding job tentatively -- it will be properly scheduled when the scheduler starts
2025-05-19 03:44:51,465 - apscheduler.scheduler - INFO - Added job "Daily fraud scan" to job store "default"
2025-05-19 03:44:51,465 - apscheduler.scheduler - INFO - Scheduler started
2025-05-19 03:44:51,465 - digital_wallet - INFO - Scheduler started successfully
2025-05-19 03:44:51,465 - digital_wallet - INFO - Application startup completed successfully
2025-05-19 03:45:34,199 - app.api.api_v1.endpoints.wallet - INFO - Retrieved wallet for user 3
2025-05-19 03:46:52,710 - apscheduler.scheduler - INFO - Adding job tentatively -- it will be properly scheduled when the scheduler starts
2025-05-19 03:46:52,710 - app.services.scheduler - INFO - Scheduler jobs configured successfully
2025-05-19 03:46:57,202 - apscheduler.scheduler - INFO - Added job "Daily fraud detection scan" to job store "default"
2025-05-19 03:46:57,202 - apscheduler.scheduler - INFO - Scheduler started
2025-05-19 03:46:59,837 - apscheduler.scheduler - INFO - Adding job tentatively -- it will be properly scheduled when the scheduler starts
2025-05-19 03:46:59,837 - apscheduler.scheduler - INFO - Added job "Daily fraud scan" to job store "default"
2025-05-19 03:46:59,837 - apscheduler.scheduler - INFO - Scheduler started
2025-05-19 03:46:59,837 - digital_wallet - INFO - Scheduler started successfully
2025-05-19 03:46:59,837 - digital_wallet - INFO - Application startup completed successfully
2025-05-19 03:47:26,713 - apscheduler.scheduler - INFO - Adding job tentatively -- it will be properly scheduled when the scheduler starts
2025-05-19 03:47:26,728 - app.services.scheduler - INFO - Scheduler jobs configured successfully
2025-05-19 03:47:32,910 - apscheduler.scheduler - INFO - Adding job tentatively -- it will be properly scheduled when the scheduler starts
2025-05-19 03:47:32,910 - apscheduler.scheduler - INFO - Added job "Daily fraud scan" to job store "default"
2025-05-19 03:47:32,910 - apscheduler.scheduler - INFO - Scheduler started
2025-05-19 03:47:32,910 - digital_wallet - INFO - Scheduler started successfully
2025-05-19 03:47:32,910 - digital_wallet - INFO - Application startup completed successfully
